<?xml version="1.0" encoding="UTF-8"?>
<testng-results skipped="0" failed="0" ignored="0" total="1" passed="1">
  <reporter-output>
  </reporter-output>
  <suite name="Default suite" duration-ms="1051" started-at="2019-06-20T01:32:03Z" finished-at="2019-06-20T01:32:04Z">
    <groups>
    </groups>
    <test name="Default test" duration-ms="1051" started-at="2019-06-20T01:32:03Z" finished-at="2019-06-20T01:32:04Z">
      <class name="com.syntax.lsu.testCases.ExcelUtility">
        <test-method status="PASS" signature="readExcelData()[pri:0, instance:com.syntax.lsu.testCases.ExcelUtility@29ee9faa]" name="readExcelData" duration-ms="1011" started-at="2019-06-20T01:32:03Z" finished-at="2019-06-20T01:32:04Z">
          <reporter-output>
          </reporter-output>
        </test-method> <!-- readExcelData -->
      </class> <!-- com.syntax.lsu.testCases.ExcelUtility -->
    </test> <!-- Default test -->
  </suite> <!-- Default suite -->
</testng-results>
